2019-10-28 12:07:27 [10.0.2.2][-][-][warning][yii\debug\Module::checkAccess] Access to debugger is denied due to IP address restriction. The requesting IP address is 10.0.2.2
    in /data/mysite.local/app/views/layouts/main.php:78
    in /data/mysite.local/app/controllers/SiteController.php:64
2019-10-28 12:07:27 [10.0.2.2][-][-][warning][yii\debug\Module::checkAccess] Access to debugger is denied due to IP address restriction. The requesting IP address is 10.0.2.2
2019-10-28 12:07:26 [10.0.2.2][-][-][info][application] $_GET = []

$_POST = []

$_FILES = []

$_COOKIE = [
    'Phpstorm-47ad51c1' => '6d80b5c0-824d-48a5-988d-3a6afbcd7341'
]

$_SESSION = [
    '__flash' => []
]

$_SERVER = [
    'USER' => 'www-data'
    'HOME' => '/var/www'
    'HTTP_COOKIE' => 'Phpstorm-47ad51c1=6d80b5c0-824d-48a5-988d-3a6afbcd7341'
    'HTTP_ACCEPT_LANGUAGE' => 'ru-RU,ru;q=0.9,en-US;q=0.8,en;q=0.7'
    'HTTP_ACCEPT_ENCODING' => 'gzip, deflate, br'
    'HTTP_SEC_FETCH_MODE' => 'navigate'
    'HTTP_SEC_FETCH_SITE' => 'none'
    'HTTP_ACCEPT' => 'text/html,application/xhtml+xml,application/xml;q=0.9,image/webp,image/apng,*/*;q=0.8,application/signed-exchange;v=b3'
    'HTTP_SEC_FETCH_USER' => '?1'
    'HTTP_USER_AGENT' => 'Mozilla/5.0 (Windows NT 10.0; Win64; x64) AppleWebKit/537.36 (KHTML, like Gecko) Chrome/78.0.3904.70 Safari/537.36'
    'HTTP_UPGRADE_INSECURE_REQUESTS' => '1'
    'HTTP_CONNECTION' => 'keep-alive'
    'HTTP_HOST' => 'localhost'
    'REDIRECT_STATUS' => '200'
    'SERVER_NAME' => '_'
    'SERVER_PORT' => '80'
    'SERVER_ADDR' => '10.0.2.15'
    'REMOTE_PORT' => '3946'
    'REMOTE_ADDR' => '10.0.2.2'
    'SERVER_SOFTWARE' => 'nginx/1.16.1'
    'GATEWAY_INTERFACE' => 'CGI/1.1'
    'REQUEST_SCHEME' => 'http'
    'SERVER_PROTOCOL' => 'HTTP/1.1'
    'DOCUMENT_ROOT' => '/data/mysite.local/app/web'
    'DOCUMENT_URI' => '/index.php'
    'REQUEST_URI' => '/'
    'SCRIPT_NAME' => '/index.php'
    'CONTENT_LENGTH' => ''
    'CONTENT_TYPE' => ''
    'REQUEST_METHOD' => 'GET'
    'QUERY_STRING' => ''
    'SCRIPT_FILENAME' => '/data/mysite.local/app/web/index.php'
    'PATH_INFO' => ''
    'FCGI_ROLE' => 'RESPONDER'
    'PHP_SELF' => '/index.php'
    'REQUEST_TIME_FLOAT' => 1572264446.5952
    'REQUEST_TIME' => 1572264446
]
2019-10-28 12:51:32 [10.0.2.2][-][-][warning][yii\debug\Module::checkAccess] Access to debugger is denied due to IP address restriction. The requesting IP address is 10.0.2.2
    in /data/mysite.local/app/views/layouts/main.php:78
    in /data/mysite.local/app/controllers/SiteController.php:64
2019-10-28 12:51:32 [10.0.2.2][-][-][warning][yii\debug\Module::checkAccess] Access to debugger is denied due to IP address restriction. The requesting IP address is 10.0.2.2
2019-10-28 12:51:32 [10.0.2.2][-][-][info][application] $_GET = []

$_POST = []

$_FILES = []

$_COOKIE = [
    'Phpstorm-47ad51c1' => '6d80b5c0-824d-48a5-988d-3a6afbcd7341'
    'PHPSESSID' => '4fu3c34qj2n4rn73rh3f4d4rmk'
    '_csrf' => '253edfd98aaf774ac803056e48845d91fa295903f8ca20d4e31e1266676c929ca:2:{i:0;s:5:\"_csrf\";i:1;s:32:\"7NxQO5squZK2ejIS9yCoid1xqFeYg-tB\";}'
]

$_SESSION = [
    '__flash' => []
]

$_SERVER = [
    'USER' => 'www-data'
    'HOME' => '/var/www'
    'HTTP_COOKIE' => 'Phpstorm-47ad51c1=6d80b5c0-824d-48a5-988d-3a6afbcd7341; PHPSESSID=4fu3c34qj2n4rn73rh3f4d4rmk; _csrf=253edfd98aaf774ac803056e48845d91fa295903f8ca20d4e31e1266676c929ca%3A2%3A%7Bi%3A0%3Bs%3A5%3A%22_csrf%22%3Bi%3A1%3Bs%3A32%3A%227NxQO5squZK2ejIS9yCoid1xqFeYg-tB%22%3B%7D'
    'HTTP_ACCEPT_LANGUAGE' => 'ru-RU,ru;q=0.9,en-US;q=0.8,en;q=0.7'
    'HTTP_ACCEPT_ENCODING' => 'gzip, deflate, br'
    'HTTP_SEC_FETCH_MODE' => 'navigate'
    'HTTP_SEC_FETCH_SITE' => 'none'
    'HTTP_ACCEPT' => 'text/html,application/xhtml+xml,application/xml;q=0.9,image/webp,image/apng,*/*;q=0.8,application/signed-exchange;v=b3'
    'HTTP_SEC_FETCH_USER' => '?1'
    'HTTP_USER_AGENT' => 'Mozilla/5.0 (Windows NT 10.0; Win64; x64) AppleWebKit/537.36 (KHTML, like Gecko) Chrome/78.0.3904.70 Safari/537.36'
    'HTTP_UPGRADE_INSECURE_REQUESTS' => '1'
    'HTTP_CONNECTION' => 'keep-alive'
    'HTTP_HOST' => 'localhost'
    'REDIRECT_STATUS' => '200'
    'SERVER_NAME' => '_'
    'SERVER_PORT' => '80'
    'SERVER_ADDR' => '10.0.2.15'
    'REMOTE_PORT' => '4169'
    'REMOTE_ADDR' => '10.0.2.2'
    'SERVER_SOFTWARE' => 'nginx/1.16.1'
    'GATEWAY_INTERFACE' => 'CGI/1.1'
    'REQUEST_SCHEME' => 'http'
    'SERVER_PROTOCOL' => 'HTTP/1.1'
    'DOCUMENT_ROOT' => '/data/mysite.local/app/web'
    'DOCUMENT_URI' => '/index.php'
    'REQUEST_URI' => '/'
    'SCRIPT_NAME' => '/index.php'
    'CONTENT_LENGTH' => ''
    'CONTENT_TYPE' => ''
    'REQUEST_METHOD' => 'GET'
    'QUERY_STRING' => ''
    'SCRIPT_FILENAME' => '/data/mysite.local/app/web/index.php'
    'PATH_INFO' => ''
    'FCGI_ROLE' => 'RESPONDER'
    'PHP_SELF' => '/index.php'
    'REQUEST_TIME_FLOAT' => 1572267092.7872
    'REQUEST_TIME' => 1572267092
]
2019-10-28 12:51:41 [10.0.2.2][-][-][warning][yii\debug\Module::checkAccess] Access to debugger is denied due to IP address restriction. The requesting IP address is 10.0.2.2
    in /data/mysite.local/app/views/layouts/main.php:78
    in /data/mysite.local/app/controllers/SiteController.php:64
2019-10-28 12:51:41 [10.0.2.2][-][-][warning][yii\debug\Module::checkAccess] Access to debugger is denied due to IP address restriction. The requesting IP address is 10.0.2.2
2019-10-28 12:51:41 [10.0.2.2][-][-][info][application] $_GET = []

$_POST = []

$_FILES = []

$_COOKIE = [
    'Phpstorm-47ad51c1' => '6d80b5c0-824d-48a5-988d-3a6afbcd7341'
    'PHPSESSID' => '4fu3c34qj2n4rn73rh3f4d4rmk'
    '_csrf' => '253edfd98aaf774ac803056e48845d91fa295903f8ca20d4e31e1266676c929ca:2:{i:0;s:5:\"_csrf\";i:1;s:32:\"7NxQO5squZK2ejIS9yCoid1xqFeYg-tB\";}'
]

$_SESSION = [
    '__flash' => []
]

$_SERVER = [
    'USER' => 'www-data'
    'HOME' => '/var/www'
    'HTTP_COOKIE' => 'Phpstorm-47ad51c1=6d80b5c0-824d-48a5-988d-3a6afbcd7341; PHPSESSID=4fu3c34qj2n4rn73rh3f4d4rmk; _csrf=253edfd98aaf774ac803056e48845d91fa295903f8ca20d4e31e1266676c929ca%3A2%3A%7Bi%3A0%3Bs%3A5%3A%22_csrf%22%3Bi%3A1%3Bs%3A32%3A%227NxQO5squZK2ejIS9yCoid1xqFeYg-tB%22%3B%7D'
    'HTTP_ACCEPT_LANGUAGE' => 'ru-RU,ru;q=0.9,en-US;q=0.8,en;q=0.7'
    'HTTP_ACCEPT_ENCODING' => 'gzip, deflate, br'
    'HTTP_REFERER' => 'http://localhost/'
    'HTTP_SEC_FETCH_MODE' => 'navigate'
    'HTTP_SEC_FETCH_SITE' => 'same-origin'
    'HTTP_ACCEPT' => 'text/html,application/xhtml+xml,application/xml;q=0.9,image/webp,image/apng,*/*;q=0.8,application/signed-exchange;v=b3'
    'HTTP_SEC_FETCH_USER' => '?1'
    'HTTP_USER_AGENT' => 'Mozilla/5.0 (Windows NT 10.0; Win64; x64) AppleWebKit/537.36 (KHTML, like Gecko) Chrome/78.0.3904.70 Safari/537.36'
    'HTTP_UPGRADE_INSECURE_REQUESTS' => '1'
    'HTTP_CONNECTION' => 'keep-alive'
    'HTTP_HOST' => 'localhost'
    'REDIRECT_STATUS' => '200'
    'SERVER_NAME' => '_'
    'SERVER_PORT' => '80'
    'SERVER_ADDR' => '10.0.2.15'
    'REMOTE_PORT' => '4179'
    'REMOTE_ADDR' => '10.0.2.2'
    'SERVER_SOFTWARE' => 'nginx/1.16.1'
    'GATEWAY_INTERFACE' => 'CGI/1.1'
    'REQUEST_SCHEME' => 'http'
    'SERVER_PROTOCOL' => 'HTTP/1.1'
    'DOCUMENT_ROOT' => '/data/mysite.local/app/web'
    'DOCUMENT_URI' => '/index.php'
    'REQUEST_URI' => '/index.php'
    'SCRIPT_NAME' => '/index.php'
    'CONTENT_LENGTH' => ''
    'CONTENT_TYPE' => ''
    'REQUEST_METHOD' => 'GET'
    'QUERY_STRING' => ''
    'SCRIPT_FILENAME' => '/data/mysite.local/app/web/index.php'
    'PATH_INFO' => ''
    'FCGI_ROLE' => 'RESPONDER'
    'PHP_SELF' => '/index.php'
    'REQUEST_TIME_FLOAT' => 1572267101.1341
    'REQUEST_TIME' => 1572267101
]
2019-10-28 12:59:39 [10.0.2.2][-][-][warning][yii\debug\Module::checkAccess] Access to debugger is denied due to IP address restriction. The requesting IP address is 10.0.2.2
    in /data/mysite.local/app/views/layouts/main.php:78
    in /data/mysite.local/app/controllers/SiteController.php:64
2019-10-28 12:59:39 [10.0.2.2][-][-][warning][yii\debug\Module::checkAccess] Access to debugger is denied due to IP address restriction. The requesting IP address is 10.0.2.2
2019-10-28 12:59:39 [10.0.2.2][-][-][info][application] $_GET = []

$_POST = []

$_FILES = []

$_COOKIE = [
    'Phpstorm-47ad51c1' => '6d80b5c0-824d-48a5-988d-3a6afbcd7341'
    'PHPSESSID' => '4fu3c34qj2n4rn73rh3f4d4rmk'
    '_csrf' => '253edfd98aaf774ac803056e48845d91fa295903f8ca20d4e31e1266676c929ca:2:{i:0;s:5:\"_csrf\";i:1;s:32:\"7NxQO5squZK2ejIS9yCoid1xqFeYg-tB\";}'
]

$_SESSION = [
    '__flash' => []
]

$_SERVER = [
    'USER' => 'www-data'
    'HOME' => '/var/www'
    'HTTP_COOKIE' => 'Phpstorm-47ad51c1=6d80b5c0-824d-48a5-988d-3a6afbcd7341; PHPSESSID=4fu3c34qj2n4rn73rh3f4d4rmk; _csrf=253edfd98aaf774ac803056e48845d91fa295903f8ca20d4e31e1266676c929ca%3A2%3A%7Bi%3A0%3Bs%3A5%3A%22_csrf%22%3Bi%3A1%3Bs%3A32%3A%227NxQO5squZK2ejIS9yCoid1xqFeYg-tB%22%3B%7D'
    'HTTP_ACCEPT_LANGUAGE' => 'ru-RU,ru;q=0.9,en-US;q=0.8,en;q=0.7'
    'HTTP_ACCEPT_ENCODING' => 'gzip, deflate, br'
    'HTTP_REFERER' => 'http://localhost/'
    'HTTP_SEC_FETCH_MODE' => 'navigate'
    'HTTP_SEC_FETCH_SITE' => 'same-origin'
    'HTTP_ACCEPT' => 'text/html,application/xhtml+xml,application/xml;q=0.9,image/webp,image/apng,*/*;q=0.8,application/signed-exchange;v=b3'
    'HTTP_SEC_FETCH_USER' => '?1'
    'HTTP_USER_AGENT' => 'Mozilla/5.0 (Windows NT 10.0; Win64; x64) AppleWebKit/537.36 (KHTML, like Gecko) Chrome/78.0.3904.70 Safari/537.36'
    'HTTP_UPGRADE_INSECURE_REQUESTS' => '1'
    'HTTP_CACHE_CONTROL' => 'max-age=0'
    'HTTP_CONNECTION' => 'keep-alive'
    'HTTP_HOST' => 'localhost'
    'REDIRECT_STATUS' => '200'
    'SERVER_NAME' => '_'
    'SERVER_PORT' => '80'
    'SERVER_ADDR' => '10.0.2.15'
    'REMOTE_PORT' => '4414'
    'REMOTE_ADDR' => '10.0.2.2'
    'SERVER_SOFTWARE' => 'nginx/1.16.1'
    'GATEWAY_INTERFACE' => 'CGI/1.1'
    'REQUEST_SCHEME' => 'http'
    'SERVER_PROTOCOL' => 'HTTP/1.1'
    'DOCUMENT_ROOT' => '/data/mysite.local/app/web'
    'DOCUMENT_URI' => '/index.php'
    'REQUEST_URI' => '/index.php'
    'SCRIPT_NAME' => '/index.php'
    'CONTENT_LENGTH' => ''
    'CONTENT_TYPE' => ''
    'REQUEST_METHOD' => 'GET'
    'QUERY_STRING' => ''
    'SCRIPT_FILENAME' => '/data/mysite.local/app/web/index.php'
    'PATH_INFO' => ''
    'FCGI_ROLE' => 'RESPONDER'
    'PHP_SELF' => '/index.php'
    'REQUEST_TIME_FLOAT' => 1572267578.9754
    'REQUEST_TIME' => 1572267578
]
2019-10-28 12:59:47 [10.0.2.2][-][-][warning][yii\debug\Module::checkAccess] Access to debugger is denied due to IP address restriction. The requesting IP address is 10.0.2.2
    in /data/mysite.local/app/views/layouts/main.php:78
    in /data/mysite.local/app/controllers/SiteController.php:126
2019-10-28 12:59:47 [10.0.2.2][-][-][warning][yii\debug\Module::checkAccess] Access to debugger is denied due to IP address restriction. The requesting IP address is 10.0.2.2
2019-10-28 12:59:47 [10.0.2.2][-][-][info][application] $_GET = [
    'r' => 'site/about'
]

$_POST = []

$_FILES = []

$_COOKIE = [
    'Phpstorm-47ad51c1' => '6d80b5c0-824d-48a5-988d-3a6afbcd7341'
    'PHPSESSID' => '4fu3c34qj2n4rn73rh3f4d4rmk'
    '_csrf' => '253edfd98aaf774ac803056e48845d91fa295903f8ca20d4e31e1266676c929ca:2:{i:0;s:5:\"_csrf\";i:1;s:32:\"7NxQO5squZK2ejIS9yCoid1xqFeYg-tB\";}'
]

$_SESSION = [
    '__flash' => []
]

$_SERVER = [
    'USER' => 'www-data'
    'HOME' => '/var/www'
    'HTTP_COOKIE' => 'Phpstorm-47ad51c1=6d80b5c0-824d-48a5-988d-3a6afbcd7341; PHPSESSID=4fu3c34qj2n4rn73rh3f4d4rmk; _csrf=253edfd98aaf774ac803056e48845d91fa295903f8ca20d4e31e1266676c929ca%3A2%3A%7Bi%3A0%3Bs%3A5%3A%22_csrf%22%3Bi%3A1%3Bs%3A32%3A%227NxQO5squZK2ejIS9yCoid1xqFeYg-tB%22%3B%7D'
    'HTTP_ACCEPT_LANGUAGE' => 'ru-RU,ru;q=0.9,en-US;q=0.8,en;q=0.7'
    'HTTP_ACCEPT_ENCODING' => 'gzip, deflate, br'
    'HTTP_REFERER' => 'http://localhost/index.php'
    'HTTP_SEC_FETCH_MODE' => 'navigate'
    'HTTP_SEC_FETCH_SITE' => 'same-origin'
    'HTTP_ACCEPT' => 'text/html,application/xhtml+xml,application/xml;q=0.9,image/webp,image/apng,*/*;q=0.8,application/signed-exchange;v=b3'
    'HTTP_SEC_FETCH_USER' => '?1'
    'HTTP_USER_AGENT' => 'Mozilla/5.0 (Windows NT 10.0; Win64; x64) AppleWebKit/537.36 (KHTML, like Gecko) Chrome/78.0.3904.70 Safari/537.36'
    'HTTP_UPGRADE_INSECURE_REQUESTS' => '1'
    'HTTP_CONNECTION' => 'keep-alive'
    'HTTP_HOST' => 'localhost'
    'REDIRECT_STATUS' => '200'
    'SERVER_NAME' => '_'
    'SERVER_PORT' => '80'
    'SERVER_ADDR' => '10.0.2.15'
    'REMOTE_PORT' => '4429'
    'REMOTE_ADDR' => '10.0.2.2'
    'SERVER_SOFTWARE' => 'nginx/1.16.1'
    'GATEWAY_INTERFACE' => 'CGI/1.1'
    'REQUEST_SCHEME' => 'http'
    'SERVER_PROTOCOL' => 'HTTP/1.1'
    'DOCUMENT_ROOT' => '/data/mysite.local/app/web'
    'DOCUMENT_URI' => '/index.php'
    'REQUEST_URI' => '/index.php?r=site%2Fabout'
    'SCRIPT_NAME' => '/index.php'
    'CONTENT_LENGTH' => ''
    'CONTENT_TYPE' => ''
    'REQUEST_METHOD' => 'GET'
    'QUERY_STRING' => 'r=site%2Fabout'
    'SCRIPT_FILENAME' => '/data/mysite.local/app/web/index.php'
    'PATH_INFO' => ''
    'FCGI_ROLE' => 'RESPONDER'
    'PHP_SELF' => '/index.php'
    'REQUEST_TIME_FLOAT' => 1572267587.7756
    'REQUEST_TIME' => 1572267587
]
2019-10-28 13:01:52 [10.0.2.2][-][-][warning][yii\debug\Module::checkAccess] Access to debugger is denied due to IP address restriction. The requesting IP address is 10.0.2.2
    in /data/mysite.local/app/views/layouts/main.php:78
    in /data/mysite.local/app/controllers/SiteController.php:64
2019-10-28 13:01:52 [10.0.2.2][-][-][warning][yii\debug\Module::checkAccess] Access to debugger is denied due to IP address restriction. The requesting IP address is 10.0.2.2
2019-10-28 13:01:52 [10.0.2.2][-][-][info][application] $_GET = []

$_POST = []

$_FILES = []

$_COOKIE = [
    'Phpstorm-47ad51c1' => '6d80b5c0-824d-48a5-988d-3a6afbcd7341'
    'PHPSESSID' => '4fu3c34qj2n4rn73rh3f4d4rmk'
    '_csrf' => '253edfd98aaf774ac803056e48845d91fa295903f8ca20d4e31e1266676c929ca:2:{i:0;s:5:\"_csrf\";i:1;s:32:\"7NxQO5squZK2ejIS9yCoid1xqFeYg-tB\";}'
]

$_SESSION = [
    '__flash' => []
]

$_SERVER = [
    'USER' => 'www-data'
    'HOME' => '/var/www'
    'HTTP_COOKIE' => 'Phpstorm-47ad51c1=6d80b5c0-824d-48a5-988d-3a6afbcd7341; PHPSESSID=4fu3c34qj2n4rn73rh3f4d4rmk; _csrf=253edfd98aaf774ac803056e48845d91fa295903f8ca20d4e31e1266676c929ca%3A2%3A%7Bi%3A0%3Bs%3A5%3A%22_csrf%22%3Bi%3A1%3Bs%3A32%3A%227NxQO5squZK2ejIS9yCoid1xqFeYg-tB%22%3B%7D'
    'HTTP_ACCEPT_LANGUAGE' => 'ru-RU,ru;q=0.9,en-US;q=0.8,en;q=0.7'
    'HTTP_ACCEPT_ENCODING' => 'gzip, deflate, br'
    'HTTP_REFERER' => 'http://localhost/index.php?r=site%2Fabout'
    'HTTP_SEC_FETCH_MODE' => 'navigate'
    'HTTP_SEC_FETCH_SITE' => 'same-origin'
    'HTTP_ACCEPT' => 'text/html,application/xhtml+xml,application/xml;q=0.9,image/webp,image/apng,*/*;q=0.8,application/signed-exchange;v=b3'
    'HTTP_SEC_FETCH_USER' => '?1'
    'HTTP_USER_AGENT' => 'Mozilla/5.0 (Windows NT 10.0; Win64; x64) AppleWebKit/537.36 (KHTML, like Gecko) Chrome/78.0.3904.70 Safari/537.36'
    'HTTP_UPGRADE_INSECURE_REQUESTS' => '1'
    'HTTP_CONNECTION' => 'keep-alive'
    'HTTP_HOST' => 'localhost'
    'REDIRECT_STATUS' => '200'
    'SERVER_NAME' => '_'
    'SERVER_PORT' => '80'
    'SERVER_ADDR' => '10.0.2.15'
    'REMOTE_PORT' => '4446'
    'REMOTE_ADDR' => '10.0.2.2'
    'SERVER_SOFTWARE' => 'nginx/1.16.1'
    'GATEWAY_INTERFACE' => 'CGI/1.1'
    'REQUEST_SCHEME' => 'http'
    'SERVER_PROTOCOL' => 'HTTP/1.1'
    'DOCUMENT_ROOT' => '/data/mysite.local/app/web'
    'DOCUMENT_URI' => '/index.php'
    'REQUEST_URI' => '/index.php'
    'SCRIPT_NAME' => '/index.php'
    'CONTENT_LENGTH' => ''
    'CONTENT_TYPE' => ''
    'REQUEST_METHOD' => 'GET'
    'QUERY_STRING' => ''
    'SCRIPT_FILENAME' => '/data/mysite.local/app/web/index.php'
    'PATH_INFO' => ''
    'FCGI_ROLE' => 'RESPONDER'
    'PHP_SELF' => '/index.php'
    'REQUEST_TIME_FLOAT' => 1572267712.3174
    'REQUEST_TIME' => 1572267712
]
2019-10-28 21:33:51 [10.0.2.2][-][-][warning][yii\debug\Module::checkAccess] Access to debugger is denied due to IP address restriction. The requesting IP address is 10.0.2.2
    in /data/mysite.local/app/views/layouts/main.php:78
    in /data/mysite.local/app/controllers/SiteController.php:64
2019-10-28 21:33:51 [10.0.2.2][-][-][warning][yii\debug\Module::checkAccess] Access to debugger is denied due to IP address restriction. The requesting IP address is 10.0.2.2
2019-10-28 21:33:51 [10.0.2.2][-][-][info][application] $_GET = []

$_POST = []

$_FILES = []

$_COOKIE = [
    'Phpstorm-47ad51c1' => '6d80b5c0-824d-48a5-988d-3a6afbcd7341'
    'PHPSESSID' => '4fu3c34qj2n4rn73rh3f4d4rmk'
    '_csrf' => '253edfd98aaf774ac803056e48845d91fa295903f8ca20d4e31e1266676c929ca:2:{i:0;s:5:\"_csrf\";i:1;s:32:\"7NxQO5squZK2ejIS9yCoid1xqFeYg-tB\";}'
]

$_SESSION = [
    '__flash' => []
]

$_SERVER = [
    'USER' => 'www-data'
    'HOME' => '/var/www'
    'HTTP_COOKIE' => 'Phpstorm-47ad51c1=6d80b5c0-824d-48a5-988d-3a6afbcd7341; PHPSESSID=4fu3c34qj2n4rn73rh3f4d4rmk; _csrf=253edfd98aaf774ac803056e48845d91fa295903f8ca20d4e31e1266676c929ca%3A2%3A%7Bi%3A0%3Bs%3A5%3A%22_csrf%22%3Bi%3A1%3Bs%3A32%3A%227NxQO5squZK2ejIS9yCoid1xqFeYg-tB%22%3B%7D'
    'HTTP_ACCEPT_LANGUAGE' => 'ru-RU,ru;q=0.9,en-US;q=0.8,en;q=0.7'
    'HTTP_ACCEPT_ENCODING' => 'gzip, deflate, br'
    'HTTP_REFERER' => 'http://localhost/index.php?r=site%2Fabout'
    'HTTP_SEC_FETCH_MODE' => 'navigate'
    'HTTP_SEC_FETCH_SITE' => 'same-origin'
    'HTTP_ACCEPT' => 'text/html,application/xhtml+xml,application/xml;q=0.9,image/webp,image/apng,*/*;q=0.8,application/signed-exchange;v=b3'
    'HTTP_SEC_FETCH_USER' => '?1'
    'HTTP_USER_AGENT' => 'Mozilla/5.0 (Windows NT 10.0; Win64; x64) AppleWebKit/537.36 (KHTML, like Gecko) Chrome/78.0.3904.70 Safari/537.36'
    'HTTP_UPGRADE_INSECURE_REQUESTS' => '1'
    'HTTP_CONNECTION' => 'keep-alive'
    'HTTP_HOST' => 'localhost'
    'REDIRECT_STATUS' => '200'
    'SERVER_NAME' => '_'
    'SERVER_PORT' => '80'
    'SERVER_ADDR' => '10.0.2.15'
    'REMOTE_PORT' => '10249'
    'REMOTE_ADDR' => '10.0.2.2'
    'SERVER_SOFTWARE' => 'nginx/1.16.1'
    'GATEWAY_INTERFACE' => 'CGI/1.1'
    'REQUEST_SCHEME' => 'http'
    'SERVER_PROTOCOL' => 'HTTP/1.1'
    'DOCUMENT_ROOT' => '/data/mysite.local/app/web'
    'DOCUMENT_URI' => '/index.php'
    'REQUEST_URI' => '/index.php'
    'SCRIPT_NAME' => '/index.php'
    'CONTENT_LENGTH' => ''
    'CONTENT_TYPE' => ''
    'REQUEST_METHOD' => 'GET'
    'QUERY_STRING' => ''
    'SCRIPT_FILENAME' => '/data/mysite.local/app/web/index.php'
    'PATH_INFO' => ''
    'FCGI_ROLE' => 'RESPONDER'
    'PHP_SELF' => '/index.php'
    'REQUEST_TIME_FLOAT' => 1572298431.6087
    'REQUEST_TIME' => 1572298431
]
